# JRE version: OpenJDK Runtime Environment Microsoft-8035246 (17.0.8+7) (build 17.0.8+7-LTS)
# Java VM: OpenJDK 64-Bit Server VM Microsoft-8035246 (17.0.8+7-LTS, mixed mode, sharing, tiered, compressed oops, compressed class ptrs, g1 gc, windows-amd64)
GC Precious Log:
 CPUs: 8 total, 8 available
 Memory: 24298M
 Large Page Support: Disabled
 NUMA Support: Disabled
 Compressed Oops: Enabled (32-bit)
 Heap Region Size: 1M
 Heap Min Capacity: 8M
 Heap Initial Capacity: 380M
 Heap Max Capacity: 2G
 Pre-touch: Disabled
 Parallel Workers: 8
 Concurrent Workers: 2
 Concurrent Refinement Workers: 8
 Periodic GC: Disabled
Heap:
 garbage-first heap   total 312320K, used 183396K [0x0000000080000000, 0x0000000100000000)
  region size 1024K, 33 young (33792K), 10 survivors (10240K)
 Metaspace       used 103103K, committed 104128K, reserved 557056K
  class space    used 14359K, committed 14848K, reserved 425984K
GC Heap History (20 events):
Event: 55.770 GC heap before
{Heap before GC invocations=59 (full 0):
 garbage-first heap   total 162816K, used 108611K [0x0000000080000000, 0x0000000100000000)
  region size 1024K, 14 young (14336K), 1 survivors (1024K)
 Metaspace       used 84921K, committed 85632K, reserved 557056K
  class space    used 11755K, committed 12096K, reserved 425984K
}
Event: 55.772 GC heap after
{Heap after GC invocations=60 (full 0):
 garbage-first heap   total 162816K, used 96844K [0x0000000080000000, 0x0000000100000000)
  region size 1024K, 1 young (1024K), 1 survivors (1024K)
 Metaspace       used 84921K, committed 85632K, reserved 557056K
  class space    used 11755K, committed 12096K, reserved 425984K
}
Event: 56.382 GC heap before
{Heap before GC invocations=61 (full 0):
 garbage-first heap   total 173056K, used 133708K [0x0000000080000000, 0x0000000100000000)
  region size 1024K, 36 young (36864K), 1 survivors (1024K)
 Metaspace       used 87356K, committed 88128K, reserved 557056K
  class space    used 12238K, committed 12608K, reserved 425984K
}
Event: 56.384 GC heap after
{Heap after GC invocations=62 (full 0):
 garbage-first heap   total 173056K, used 97513K [0x0000000080000000, 0x0000000100000000)
  region size 1024K, 2 young (2048K), 2 survivors (2048K)
 Metaspace       used 87356K, committed 88128K, reserved 557056K
  class space    used 12238K, committed 12608K, reserved 425984K
}
Event: 56.479 GC heap before
{Heap before GC invocations=62 (full 0):
 garbage-first heap   total 173056K, used 103657K [0x0000000080000000, 0x0000000100000000)
  region size 1024K, 8 young (8192K), 2 survivors (2048K)
 Metaspace       used 87812K, committed 88576K, reserved 557056K
  class space    used 12313K, committed 12672K, reserved 425984K
}
Event: 56.484 GC heap after
{Heap after GC invocations=63 (full 0):
 garbage-first heap   total 173056K, used 97274K [0x0000000080000000, 0x0000000100000000)
  region size 1024K, 1 young (1024K), 1 survivors (1024K)
 Metaspace       used 87812K, committed 88576K, reserved 557056K
  class space    used 12313K, committed 12672K, reserved 425984K
}
Event: 57.177 GC heap before
{Heap before GC invocations=63 (full 0):
 garbage-first heap   total 173056K, used 142330K [0x0000000080000000, 0x0000000100000000)
  region size 1024K, 45 young (46080K), 1 survivors (1024K)
 Metaspace       used 90547K, committed 91328K, reserved 557056K
  class space    used 12697K, committed 13056K, reserved 425984K
}
Event: 57.181 GC heap after
{Heap after GC invocations=64 (full 0):
 garbage-first heap   total 173056K, used 99697K [0x0000000080000000, 0x0000000100000000)
  region size 1024K, 3 young (3072K), 3 survivors (3072K)
 Metaspace       used 90547K, committed 91328K, reserved 557056K
  class space    used 12697K, committed 13056K, reserved 425984K
}
Event: 58.207 GC heap before
{Heap before GC invocations=65 (full 0):
 garbage-first heap   total 178176K, used 142705K [0x0000000080000000, 0x0000000100000000)
  region size 1024K, 45 young (46080K), 3 survivors (3072K)
 Metaspace       used 91587K, committed 92416K, reserved 557056K
  class space    used 12801K, committed 13184K, reserved 425984K
}
Event: 58.215 GC heap after
{Heap after GC invocations=66 (full 0):
 garbage-first heap   total 178176K, used 103798K [0x0000000080000000, 0x0000000100000000)
  region size 1024K, 6 young (6144K), 6 survivors (6144K)
 Metaspace       used 91587K, committed 92416K, reserved 557056K
  class space    used 12801K, committed 13184K, reserved 425984K
}
Event: 58.259 GC heap before
{Heap before GC invocations=66 (full 0):
 garbage-first heap   total 178176K, used 104822K [0x0000000080000000, 0x0000000100000000)
  region size 1024K, 8 young (8192K), 6 survivors (6144K)
 Metaspace       used 91711K, committed 92544K, reserved 557056K
  class space    used 12816K, committed 13184K, reserved 425984K
}
Event: 58.266 GC heap after
{Heap after GC invocations=67 (full 0):
 garbage-first heap   total 178176K, used 104267K [0x0000000080000000, 0x0000000100000000)
  region size 1024K, 1 young (1024K), 1 survivors (1024K)
 Metaspace       used 91711K, committed 92544K, reserved 557056K
  class space    used 12816K, committed 13184K, reserved 425984K
}
Event: 59.241 GC heap before
{Heap before GC invocations=67 (full 0):
 garbage-first heap   total 178176K, used 153419K [0x0000000080000000, 0x0000000100000000)
  region size 1024K, 44 young (45056K), 1 survivors (1024K)
 Metaspace       used 92957K, committed 93824K, reserved 557056K
  class space    used 13019K, committed 13440K, reserved 425984K
}
Event: 59.248 GC heap after
{Heap after GC invocations=68 (full 0):
 garbage-first heap   total 312320K, used 116214K [0x0000000080000000, 0x0000000100000000)
  region size 1024K, 6 young (6144K), 6 survivors (6144K)
 Metaspace       used 92957K, committed 93824K, reserved 557056K
  class space    used 13019K, committed 13440K, reserved 425984K
}
Event: 62.026 GC heap before
{Heap before GC invocations=68 (full 0):
 garbage-first heap   total 312320K, used 248310K [0x0000000080000000, 0x0000000100000000)
  region size 1024K, 132 young (135168K), 6 survivors (6144K)
 Metaspace       used 97276K, committed 98304K, reserved 557056K
  class space    used 13640K, committed 14144K, reserved 425984K
}
Event: 62.046 GC heap after
{Heap after GC invocations=69 (full 0):
 garbage-first heap   total 312320K, used 140364K [0x0000000080000000, 0x0000000100000000)
  region size 1024K, 17 young (17408K), 17 survivors (17408K)
 Metaspace       used 97276K, committed 98304K, reserved 557056K
  class space    used 13640K, committed 14144K, reserved 425984K
}
Event: 64.297 GC heap before
{Heap before GC invocations=69 (full 0):
 garbage-first heap   total 312320K, used 243788K [0x0000000080000000, 0x0000000100000000)
  region size 1024K, 118 young (120832K), 17 survivors (17408K)
 Metaspace       used 101624K, committed 102656K, reserved 557056K
  class space    used 14161K, committed 14656K, reserved 425984K
}
Event: 64.313 GC heap after
{Heap after GC invocations=70 (full 0):
 garbage-first heap   total 312320K, used 151750K [0x0000000080000000, 0x0000000100000000)
  region size 1024K, 10 young (10240K), 10 survivors (10240K)
 Metaspace       used 101624K, committed 102656K, reserved 557056K
  class space    used 14161K, committed 14656K, reserved 425984K
}
Event: 66.324 GC heap before
{Heap before GC invocations=70 (full 0):
 garbage-first heap   total 312320K, used 245958K [0x0000000080000000, 0x0000000100000000)
  region size 1024K, 103 young (105472K), 10 survivors (10240K)
 Metaspace       used 103059K, committed 104064K, reserved 557056K
  class space    used 14359K, committed 14848K, reserved 425984K
}
Event: 66.346 GC heap after
{Heap after GC invocations=71 (full 0):
 garbage-first heap   total 312320K, used 161892K [0x0000000080000000, 0x0000000100000000)
  region size 1024K, 10 young (10240K), 10 survivors (10240K)
 Metaspace       used 103059K, committed 104064K, reserved 557056K
  class space    used 14359K, committed 14848K, reserved 425984K
}

